<?xml version="1.0" encoding="UTF-8"?>
<!-- Generated by org.testng.reporters.JUnitReportReporter -->
<testsuite skipped="0" hostname="DESKTOP-S9458PL" name="com.mycompany.app.AppiumTest" tests="1" failures="0" timestamp="24 Jun 2019 19:35:02 GMT" time="0.000" errors="0">
  <testcase name="browserAutomation" time="0.000" classname="com.mycompany.app.AppiumTest"/>
</testsuite> <!-- com.mycompany.app.AppiumTest -->
